Analysis & Synthesis report for sad
Sun Jun 04 16:28:15 2023
Quartus II 64-Bit Version 13.1.0 Build 162 10/23/2013 SJ Web Edition


---------------------
; Table of Contents ;
---------------------
  1. Legal Notice
  2. Analysis & Synthesis Summary
  3. Analysis & Synthesis Settings
  4. Parallel Compilation
  5. Analysis & Synthesis Source Files Read
  6. Analysis & Synthesis Resource Usage Summary
  7. Analysis & Synthesis Resource Utilization by Entity
  8. State Machine - |sad|sad_controle:sad_control|estadoatual
  9. Registers Removed During Synthesis
 10. General Register Statistics
 11. Parameter Settings for User Entity Instance: Top-level Entity: |sad
 12. Parameter Settings for User Entity Instance: sad_bo:sad_operacional
 13. Parameter Settings for User Entity Instance: sad_bo:sad_operacional|Registrador:pA0
 14. Parameter Settings for User Entity Instance: sad_bo:sad_operacional|Registrador:pB0
 15. Parameter Settings for User Entity Instance: sad_bo:sad_operacional|Registrador:pA1
 16. Parameter Settings for User Entity Instance: sad_bo:sad_operacional|Registrador:pB1
 17. Parameter Settings for User Entity Instance: sad_bo:sad_operacional|Registrador:pA2
 18. Parameter Settings for User Entity Instance: sad_bo:sad_operacional|Registrador:pB2
 19. Parameter Settings for User Entity Instance: sad_bo:sad_operacional|Registrador:pA3
 20. Parameter Settings for User Entity Instance: sad_bo:sad_operacional|Registrador:pB3
 21. Parameter Settings for User Entity Instance: sad_bo:sad_operacional|subtrator:sub0
 22. Parameter Settings for User Entity Instance: sad_bo:sad_operacional|subtrator:sub1
 23. Parameter Settings for User Entity Instance: sad_bo:sad_operacional|subtrator:sub2
 24. Parameter Settings for User Entity Instance: sad_bo:sad_operacional|subtrator:sub3
 25. Parameter Settings for User Entity Instance: sad_bo:sad_operacional|somador8:soma8Bits1
 26. Parameter Settings for User Entity Instance: sad_bo:sad_operacional|somador8:soma8Bits2
 27. Parameter Settings for User Entity Instance: sad_bo:sad_operacional|somador9:soma9Bits
 28. Parameter Settings for User Entity Instance: sad_bo:sad_operacional|somador:soma14Bits
 29. Parameter Settings for User Entity Instance: sad_bo:sad_operacional|mux:mux14Bits
 30. Parameter Settings for User Entity Instance: sad_bo:sad_operacional|Registrador:soma
 31. Parameter Settings for User Entity Instance: sad_bo:sad_operacional|Registrador:SAD_reg
 32. Parameter Settings for User Entity Instance: sad_bo:sad_operacional|mux:mux5bits
 33. Parameter Settings for User Entity Instance: sad_bo:sad_operacional|Registrador:reg5
 34. Parameter Settings for User Entity Instance: sad_bo:sad_operacional|somador4:soma5
 35. Port Connectivity Checks: "sad_bo:sad_operacional|somador4:soma5"
 36. Port Connectivity Checks: "sad_bo:sad_operacional|mux:mux5bits"
 37. Port Connectivity Checks: "sad_bo:sad_operacional|mux:mux14Bits"
 38. Port Connectivity Checks: "sad_bo:sad_operacional|somador:soma14Bits"
 39. Port Connectivity Checks: "sad_controle:sad_control"
 40. Elapsed Time Per Partition
 41. Analysis & Synthesis Messages



----------------
; Legal Notice ;
----------------
Copyright (C) 1991-2013 Altera Corporation
Your use of Altera Corporation's design tools, logic functions 
and other software and tools, and its AMPP partner logic 
functions, and any output files from any of the foregoing 
(including device programming or simulation files), and any 
associated documentation or information are expressly subject 
to the terms and conditions of the Altera Program License 
Subscription Agreement, Altera MegaCore Function License 
Agreement, or other applicable license agreement, including, 
without limitation, that your use is for the sole purpose of 
programming logic devices manufactured by Altera and sold by 
Altera or its authorized distributors.  Please refer to the 
applicable agreement for further details.



+---------------------------------------------------------------------------------+
; Analysis & Synthesis Summary                                                    ;
+------------------------------------+--------------------------------------------+
; Analysis & Synthesis Status        ; Successful - Sun Jun 04 16:28:15 2023      ;
; Quartus II 64-Bit Version          ; 13.1.0 Build 162 10/23/2013 SJ Web Edition ;
; Revision Name                      ; sad                                        ;
; Top-level Entity Name              ; sad                                        ;
; Family                             ; Cyclone III                                ;
; Total logic elements               ; 334                                        ;
;     Total combinational functions  ; 255                                        ;
;     Dedicated logic registers      ; 105                                        ;
; Total registers                    ; 105                                        ;
; Total pins                         ; 86                                         ;
; Total virtual pins                 ; 0                                          ;
; Total memory bits                  ; 0                                          ;
; Embedded Multiplier 9-bit elements ; 0                                          ;
; Total PLLs                         ; 0                                          ;
+------------------------------------+--------------------------------------------+


+----------------------------------------------------------------------------------------------------------------------+
; Analysis & Synthesis Settings                                                                                        ;
+----------------------------------------------------------------------------+--------------------+--------------------+
; Option                                                                     ; Setting            ; Default Value      ;
+----------------------------------------------------------------------------+--------------------+--------------------+
; Device                                                                     ; EP3C5E144C7        ;                    ;
; Top-level entity name                                                      ; sad                ; sad                ;
; Family name                                                                ; Cyclone III        ; Cyclone IV GX      ;
; Use smart compilation                                                      ; Off                ; Off                ;
; Enable parallel Assembler and TimeQuest Timing Analyzer during compilation ; On                 ; On                 ;
; Enable compact report table                                                ; Off                ; Off                ;
; Restructure Multiplexers                                                   ; Auto               ; Auto               ;
; Create Debugging Nodes for IP Cores                                        ; Off                ; Off                ;
; Preserve fewer node names                                                  ; On                 ; On                 ;
; Disable OpenCore Plus hardware evaluation                                  ; Off                ; Off                ;
; Verilog Version                                                            ; Verilog_2001       ; Verilog_2001       ;
; VHDL Version                                                               ; VHDL_1993          ; VHDL_1993          ;
; State Machine Processing                                                   ; Auto               ; Auto               ;
; Safe State Machine                                                         ; Off                ; Off                ;
; Extract Verilog State Machines                                             ; On                 ; On                 ;
; Extract VHDL State Machines                                                ; On                 ; On                 ;
; Ignore Verilog initial constructs                                          ; Off                ; Off                ;
; Iteration limit for constant Verilog loops                                 ; 5000               ; 5000               ;
; Iteration limit for non-constant Verilog loops                             ; 250                ; 250                ;
; Add Pass-Through Logic to Inferred RAMs                                    ; On                 ; On                 ;
; Infer RAMs from Raw Logic                                                  ; On                 ; On                 ;
; Parallel Synthesis                                                         ; On                 ; On                 ;
; DSP Block Balancing                                                        ; Auto               ; Auto               ;
; NOT Gate Push-Back                                                         ; On                 ; On                 ;
; Power-Up Don't Care                                                        ; On                 ; On                 ;
; Remove Redundant Logic Cells                                               ; Off                ; Off                ;
; Remove Duplicate Registers                                                 ; On                 ; On                 ;
; Ignore CARRY Buffers                                                       ; Off                ; Off                ;
; Ignore CASCADE Buffers                                                     ; Off                ; Off                ;
; Ignore GLOBAL Buffers                                                      ; Off                ; Off                ;
; Ignore ROW GLOBAL Buffers                                                  ; Off                ; Off                ;
; Ignore LCELL Buffers                                                       ; Off                ; Off                ;
; Ignore SOFT Buffers                                                        ; On                 ; On                 ;
; Limit AHDL Integers to 32 Bits                                             ; Off                ; Off                ;
; Optimization Technique                                                     ; Balanced           ; Balanced           ;
; Carry Chain Length                                                         ; 70                 ; 70                 ;
; Auto Carry Chains                                                          ; On                 ; On                 ;
; Auto Open-Drain Pins                                                       ; On                 ; On                 ;
; Perform WYSIWYG Primitive Resynthesis                                      ; Off                ; Off                ;
; Auto ROM Replacement                                                       ; On                 ; On                 ;
; Auto RAM Replacement                                                       ; On                 ; On                 ;
; Auto DSP Block Replacement                                                 ; On                 ; On                 ;
; Auto Shift Register Replacement                                            ; Auto               ; Auto               ;
; Allow Shift Register Merging across Hierarchies                            ; Auto               ; Auto               ;
; Auto Clock Enable Replacement                                              ; On                 ; On                 ;
; Strict RAM Replacement                                                     ; Off                ; Off                ;
; Allow Synchronous Control Signals                                          ; On                 ; On                 ;
; Force Use of Synchronous Clear Signals                                     ; Off                ; Off                ;
; Auto RAM Block Balancing                                                   ; On                 ; On                 ;
; Auto RAM to Logic Cell Conversion                                          ; Off                ; Off                ;
; Auto Resource Sharing                                                      ; Off                ; Off                ;
; Allow Any RAM Size For Recognition                                         ; Off                ; Off                ;
; Allow Any ROM Size For Recognition                                         ; Off                ; Off                ;
; Allow Any Shift Register Size For Recognition                              ; Off                ; Off                ;
; Use LogicLock Constraints during Resource Balancing                        ; On                 ; On                 ;
; Ignore translate_off and synthesis_off directives                          ; Off                ; Off                ;
; Timing-Driven Synthesis                                                    ; On                 ; On                 ;
; Report Parameter Settings                                                  ; On                 ; On                 ;
; Report Source Assignments                                                  ; On                 ; On                 ;
; Report Connectivity Checks                                                 ; On                 ; On                 ;
; Ignore Maximum Fan-Out Assignments                                         ; Off                ; Off                ;
; Synchronization Register Chain Length                                      ; 2                  ; 2                  ;
; PowerPlay Power Optimization                                               ; Normal compilation ; Normal compilation ;
; HDL message level                                                          ; Level2             ; Level2             ;
; Suppress Register Optimization Related Messages                            ; Off                ; Off                ;
; Number of Removed Registers Reported in Synthesis Report                   ; 5000               ; 5000               ;
; Number of Swept Nodes Reported in Synthesis Report                         ; 5000               ; 5000               ;
; Number of Inverted Registers Reported in Synthesis Report                  ; 100                ; 100                ;
; Clock MUX Protection                                                       ; On                 ; On                 ;
; Auto Gated Clock Conversion                                                ; Off                ; Off                ;
; Block Design Naming                                                        ; Auto               ; Auto               ;
; SDC constraint protection                                                  ; Off                ; Off                ;
; Synthesis Effort                                                           ; Auto               ; Auto               ;
; Shift Register Replacement - Allow Asynchronous Clear Signal               ; On                 ; On                 ;
; Pre-Mapping Resynthesis Optimization                                       ; Off                ; Off                ;
; Analysis & Synthesis Message Level                                         ; Medium             ; Medium             ;
; Disable Register Merging Across Hierarchies                                ; Auto               ; Auto               ;
; Resource Aware Inference For Block RAM                                     ; On                 ; On                 ;
; Synthesis Seed                                                             ; 1                  ; 1                  ;
+----------------------------------------------------------------------------+--------------------+--------------------+


Parallel compilation was disabled, but you have multiple processors available. Enable parallel compilation to reduce compilation time.
+-------------------------------------+
; Parallel Compilation                ;
+----------------------------+--------+
; Processors                 ; Number ;
+----------------------------+--------+
; Number detected on machine ; 12     ;
; Maximum allowed            ; 1      ;
+----------------------------+--------+


+----------------------------------------------------------------------------------------------------------------------------------------------------------------------------+
; Analysis & Synthesis Source Files Read                                                                                                                                     ;
+----------------------------------+-----------------+-----------------+-------------------------------------------------------------------------------------------+---------+
; File Name with User-Entered Path ; Used in Netlist ; File Type       ; File Name with Absolute Path                                                              ; Library ;
+----------------------------------+-----------------+-----------------+-------------------------------------------------------------------------------------------+---------+
; subtrator.vhd                    ; yes             ; User VHDL File  ; C:/Users/joaov/Desktop/Facul/2 Semestre/Sistemas Digitais/Prática/sad_v3/subtrator.vhd    ;         ;
; somador9.vhd                     ; yes             ; User VHDL File  ; C:/Users/joaov/Desktop/Facul/2 Semestre/Sistemas Digitais/Prática/sad_v3/somador9.vhd     ;         ;
; somador8.vhd                     ; yes             ; User VHDL File  ; C:/Users/joaov/Desktop/Facul/2 Semestre/Sistemas Digitais/Prática/sad_v3/somador8.vhd     ;         ;
; somador4.vhd                     ; yes             ; User VHDL File  ; C:/Users/joaov/Desktop/Facul/2 Semestre/Sistemas Digitais/Prática/sad_v3/somador4.vhd     ;         ;
; somador.vhd                      ; yes             ; User VHDL File  ; C:/Users/joaov/Desktop/Facul/2 Semestre/Sistemas Digitais/Prática/sad_v3/somador.vhd      ;         ;
; sad_controle.vhd                 ; yes             ; User VHDL File  ; C:/Users/joaov/Desktop/Facul/2 Semestre/Sistemas Digitais/Prática/sad_v3/sad_controle.vhd ;         ;
; sad_bo.vhd                       ; yes             ; User VHDL File  ; C:/Users/joaov/Desktop/Facul/2 Semestre/Sistemas Digitais/Prática/sad_v3/sad_bo.vhd       ;         ;
; sad.vhd                          ; yes             ; User VHDL File  ; C:/Users/joaov/Desktop/Facul/2 Semestre/Sistemas Digitais/Prática/sad_v3/sad.vhd          ;         ;
; registrador.vhd                  ; yes             ; User VHDL File  ; C:/Users/joaov/Desktop/Facul/2 Semestre/Sistemas Digitais/Prática/sad_v3/registrador.vhd  ;         ;
; mux.vhd                          ; yes             ; User VHDL File  ; C:/Users/joaov/Desktop/Facul/2 Semestre/Sistemas Digitais/Prática/sad_v3/mux.vhd          ;         ;
+----------------------------------+-----------------+-----------------+-------------------------------------------------------------------------------------------+---------+


+---------------------------------------------------------+
; Analysis & Synthesis Resource Usage Summary             ;
+---------------------------------------------+-----------+
; Resource                                    ; Usage     ;
+---------------------------------------------+-----------+
; Estimated Total logic elements              ; 334       ;
;                                             ;           ;
; Total combinational functions               ; 255       ;
; Logic element usage by number of LUT inputs ;           ;
;     -- 4 input functions                    ; 2         ;
;     -- 3 input functions                    ; 211       ;
;     -- <=2 input functions                  ; 42        ;
;                                             ;           ;
; Logic elements by mode                      ;           ;
;     -- normal mode                          ; 77        ;
;     -- arithmetic mode                      ; 178       ;
;                                             ;           ;
; Total registers                             ; 105       ;
;     -- Dedicated logic registers            ; 105       ;
;     -- I/O registers                        ; 0         ;
;                                             ;           ;
; I/O pins                                    ; 86        ;
; Embedded Multiplier 9-bit elements          ; 0         ;
; Maximum fan-out node                        ; clk~input ;
; Maximum fan-out                             ; 105       ;
; Total fan-out                               ; 1042      ;
; Average fan-out                             ; 1.96      ;
+---------------------------------------------+-----------+


+------------------------------------------------------------------------------------------------------------------------------------------------------------------------------------------------------------+
; Analysis & Synthesis Resource Utilization by Entity                                                                                                                                                        ;
+-------------------------------+-------------------+--------------+-------------+--------------+---------+-----------+------+--------------+-------------------------------------------------+--------------+
; Compilation Hierarchy Node    ; LC Combinationals ; LC Registers ; Memory Bits ; DSP Elements ; DSP 9x9 ; DSP 18x18 ; Pins ; Virtual Pins ; Full Hierarchy Name                             ; Library Name ;
+-------------------------------+-------------------+--------------+-------------+--------------+---------+-----------+------+--------------+-------------------------------------------------+--------------+
; |sad                          ; 255 (0)           ; 105 (0)      ; 0           ; 0            ; 0       ; 0         ; 86   ; 0            ; |sad                                            ; work         ;
;    |sad_bo:sad_operacional|   ; 248 (0)           ; 97 (0)       ; 0           ; 0            ; 0       ; 0         ; 0    ; 0            ; |sad|sad_bo:sad_operacional                     ; work         ;
;       |Registrador:SAD_reg|   ; 0 (0)             ; 14 (14)      ; 0           ; 0            ; 0       ; 0         ; 0    ; 0            ; |sad|sad_bo:sad_operacional|Registrador:SAD_reg ; work         ;
;       |Registrador:pA0|       ; 0 (0)             ; 8 (8)        ; 0           ; 0            ; 0       ; 0         ; 0    ; 0            ; |sad|sad_bo:sad_operacional|Registrador:pA0     ; work         ;
;       |Registrador:pA1|       ; 0 (0)             ; 8 (8)        ; 0           ; 0            ; 0       ; 0         ; 0    ; 0            ; |sad|sad_bo:sad_operacional|Registrador:pA1     ; work         ;
;       |Registrador:pA2|       ; 0 (0)             ; 8 (8)        ; 0           ; 0            ; 0       ; 0         ; 0    ; 0            ; |sad|sad_bo:sad_operacional|Registrador:pA2     ; work         ;
;       |Registrador:pA3|       ; 0 (0)             ; 8 (8)        ; 0           ; 0            ; 0       ; 0         ; 0    ; 0            ; |sad|sad_bo:sad_operacional|Registrador:pA3     ; work         ;
;       |Registrador:pB0|       ; 0 (0)             ; 8 (8)        ; 0           ; 0            ; 0       ; 0         ; 0    ; 0            ; |sad|sad_bo:sad_operacional|Registrador:pB0     ; work         ;
;       |Registrador:pB1|       ; 0 (0)             ; 8 (8)        ; 0           ; 0            ; 0       ; 0         ; 0    ; 0            ; |sad|sad_bo:sad_operacional|Registrador:pB1     ; work         ;
;       |Registrador:pB2|       ; 0 (0)             ; 8 (8)        ; 0           ; 0            ; 0       ; 0         ; 0    ; 0            ; |sad|sad_bo:sad_operacional|Registrador:pB2     ; work         ;
;       |Registrador:pB3|       ; 0 (0)             ; 8 (8)        ; 0           ; 0            ; 0       ; 0         ; 0    ; 0            ; |sad|sad_bo:sad_operacional|Registrador:pB3     ; work         ;
;       |Registrador:reg5|      ; 0 (0)             ; 5 (5)        ; 0           ; 0            ; 0       ; 0         ; 0    ; 0            ; |sad|sad_bo:sad_operacional|Registrador:reg5    ; work         ;
;       |Registrador:soma|      ; 14 (14)           ; 14 (14)      ; 0           ; 0            ; 0       ; 0         ; 0    ; 0            ; |sad|sad_bo:sad_operacional|Registrador:soma    ; work         ;
;       |mux:mux5bits|          ; 3 (3)             ; 0 (0)        ; 0           ; 0            ; 0       ; 0         ; 0    ; 0            ; |sad|sad_bo:sad_operacional|mux:mux5bits        ; work         ;
;       |somador4:soma5|        ; 3 (3)             ; 0 (0)        ; 0           ; 0            ; 0       ; 0         ; 0    ; 0            ; |sad|sad_bo:sad_operacional|somador4:soma5      ; work         ;
;       |somador8:soma8Bits1|   ; 9 (9)             ; 0 (0)        ; 0           ; 0            ; 0       ; 0         ; 0    ; 0            ; |sad|sad_bo:sad_operacional|somador8:soma8Bits1 ; work         ;
;       |somador8:soma8Bits2|   ; 9 (9)             ; 0 (0)        ; 0           ; 0            ; 0       ; 0         ; 0    ; 0            ; |sad|sad_bo:sad_operacional|somador8:soma8Bits2 ; work         ;
;       |somador9:soma9Bits|    ; 10 (10)           ; 0 (0)        ; 0           ; 0            ; 0       ; 0         ; 0    ; 0            ; |sad|sad_bo:sad_operacional|somador9:soma9Bits  ; work         ;
;       |subtrator:sub0|        ; 50 (50)           ; 0 (0)        ; 0           ; 0            ; 0       ; 0         ; 0    ; 0            ; |sad|sad_bo:sad_operacional|subtrator:sub0      ; work         ;
;       |subtrator:sub1|        ; 50 (50)           ; 0 (0)        ; 0           ; 0            ; 0       ; 0         ; 0    ; 0            ; |sad|sad_bo:sad_operacional|subtrator:sub1      ; work         ;
;       |subtrator:sub2|        ; 50 (50)           ; 0 (0)        ; 0           ; 0            ; 0       ; 0         ; 0    ; 0            ; |sad|sad_bo:sad_operacional|subtrator:sub2      ; work         ;
;       |subtrator:sub3|        ; 50 (50)           ; 0 (0)        ; 0           ; 0            ; 0       ; 0         ; 0    ; 0            ; |sad|sad_bo:sad_operacional|subtrator:sub3      ; work         ;
;    |sad_controle:sad_control| ; 7 (7)             ; 8 (8)        ; 0           ; 0            ; 0       ; 0         ; 0    ; 0            ; |sad|sad_controle:sad_control                   ; work         ;
+-------------------------------+-------------------+--------------+-------------+--------------+---------+-----------+------+--------------+-------------------------------------------------+--------------+
Note: For table entries with two numbers listed, the numbers in parentheses indicate the number of resources of the given type used by the specific entity alone. The numbers listed outside of parentheses indicate the total resources of the given type used by the specific entity and all of its sub-entities in the hierarchy.


Encoding Type:  One-Hot
+----------------------------------------------------------------------------------------------------------------------+
; State Machine - |sad|sad_controle:sad_control|estadoatual                                                            ;
+----------------+----------------+----------------+----------------+----------------+----------------+----------------+
; Name           ; estadoatual.s5 ; estadoatual.s4 ; estadoatual.s3 ; estadoatual.s2 ; estadoatual.s1 ; estadoatual.s0 ;
+----------------+----------------+----------------+----------------+----------------+----------------+----------------+
; estadoatual.s0 ; 0              ; 0              ; 0              ; 0              ; 0              ; 0              ;
; estadoatual.s1 ; 0              ; 0              ; 0              ; 0              ; 1              ; 1              ;
; estadoatual.s2 ; 0              ; 0              ; 0              ; 1              ; 0              ; 1              ;
; estadoatual.s3 ; 0              ; 0              ; 1              ; 0              ; 0              ; 1              ;
; estadoatual.s4 ; 0              ; 1              ; 0              ; 0              ; 0              ; 1              ;
; estadoatual.s5 ; 1              ; 0              ; 0              ; 0              ; 0              ; 1              ;
+----------------+----------------+----------------+----------------+----------------+----------------+----------------+


+---------------------------------------------------------------------------------+
; Registers Removed During Synthesis                                              ;
+---------------------------------------+-----------------------------------------+
; Register name                         ; Reason for Removal                      ;
+---------------------------------------+-----------------------------------------+
; sad_controle:sad_control|csad_reg     ; Stuck at VCC due to stuck port data_in  ;
; sad_controle:sad_control|ci           ; Stuck at VCC due to stuck port data_in  ;
; sad_controle:sad_control|csoma        ; Stuck at VCC due to stuck port data_in  ;
; sad_controle:sad_control|cpa          ; Stuck at VCC due to stuck port data_in  ;
; sad_controle:sad_control|cpb          ; Stuck at VCC due to stuck port data_in  ;
; sad_controle:sad_control|zsoma        ; Merged with sad_controle:sad_control|zi ;
; Total Number of Removed Registers = 6 ;                                         ;
+---------------------------------------+-----------------------------------------+


+------------------------------------------------------+
; General Register Statistics                          ;
+----------------------------------------------+-------+
; Statistic                                    ; Value ;
+----------------------------------------------+-------+
; Total registers                              ; 105   ;
; Number of registers using Synchronous Clear  ; 17    ;
; Number of registers using Synchronous Load   ; 0     ;
; Number of registers using Asynchronous Clear ; 6     ;
; Number of registers using Asynchronous Load  ; 0     ;
; Number of registers using Clock Enable       ; 2     ;
; Number of registers using Preset             ; 0     ;
+----------------------------------------------+-------+


+---------------------------------------------------------------------+
; Parameter Settings for User Entity Instance: Top-level Entity: |sad ;
+----------------+-------+--------------------------------------------+
; Parameter Name ; Value ; Type                                       ;
+----------------+-------+--------------------------------------------+
; datA_WIDTH     ; 8     ; Signed Integer                             ;
; datA_WIDTH32   ; 32    ; Signed Integer                             ;
; datA_WIDTH14   ; 14    ; Signed Integer                             ;
+----------------+-------+--------------------------------------------+
Note: In order to hide this table in the UI and the text report file, please set the "Show Parameter Settings in Synthesis Report" option in "Analysis and Synthesis Settings -> More Settings" to "Off".


+---------------------------------------------------------------------+
; Parameter Settings for User Entity Instance: sad_bo:sad_operacional ;
+----------------+-------+--------------------------------------------+
; Parameter Name ; Value ; Type                                       ;
+----------------+-------+--------------------------------------------+
; data_width     ; 8     ; Signed Integer                             ;
; data_width32   ; 32    ; Signed Integer                             ;
; data_width14   ; 14    ; Signed Integer                             ;
; data_width_end ; 5     ; Signed Integer                             ;
+----------------+-------+--------------------------------------------+
Note: In order to hide this table in the UI and the text report file, please set the "Show Parameter Settings in Synthesis Report" option in "Analysis and Synthesis Settings -> More Settings" to "Off".


+-------------------------------------------------------------------------------------+
; Parameter Settings for User Entity Instance: sad_bo:sad_operacional|Registrador:pA0 ;
+----------------+-------+------------------------------------------------------------+
; Parameter Name ; Value ; Type                                                       ;
+----------------+-------+------------------------------------------------------------+
; n              ; 8     ; Signed Integer                                             ;
+----------------+-------+------------------------------------------------------------+
Note: In order to hide this table in the UI and the text report file, please set the "Show Parameter Settings in Synthesis Report" option in "Analysis and Synthesis Settings -> More Settings" to "Off".


+-------------------------------------------------------------------------------------+
; Parameter Settings for User Entity Instance: sad_bo:sad_operacional|Registrador:pB0 ;
+----------------+-------+------------------------------------------------------------+
; Parameter Name ; Value ; Type                                                       ;
+----------------+-------+------------------------------------------------------------+
; n              ; 8     ; Signed Integer                                             ;
+----------------+-------+------------------------------------------------------------+
Note: In order to hide this table in the UI and the text report file, please set the "Show Parameter Settings in Synthesis Report" option in "Analysis and Synthesis Settings -> More Settings" to "Off".


+-------------------------------------------------------------------------------------+
; Parameter Settings for User Entity Instance: sad_bo:sad_operacional|Registrador:pA1 ;
+----------------+-------+------------------------------------------------------------+
; Parameter Name ; Value ; Type                                                       ;
+----------------+-------+------------------------------------------------------------+
; n              ; 8     ; Signed Integer                                             ;
+----------------+-------+------------------------------------------------------------+
Note: In order to hide this table in the UI and the text report file, please set the "Show Parameter Settings in Synthesis Report" option in "Analysis and Synthesis Settings -> More Settings" to "Off".


+-------------------------------------------------------------------------------------+
; Parameter Settings for User Entity Instance: sad_bo:sad_operacional|Registrador:pB1 ;
+----------------+-------+------------------------------------------------------------+
; Parameter Name ; Value ; Type                                                       ;
+----------------+-------+------------------------------------------------------------+
; n              ; 8     ; Signed Integer                                             ;
+----------------+-------+------------------------------------------------------------+
Note: In order to hide this table in the UI and the text report file, please set the "Show Parameter Settings in Synthesis Report" option in "Analysis and Synthesis Settings -> More Settings" to "Off".


+-------------------------------------------------------------------------------------+
; Parameter Settings for User Entity Instance: sad_bo:sad_operacional|Registrador:pA2 ;
+----------------+-------+------------------------------------------------------------+
; Parameter Name ; Value ; Type                                                       ;
+----------------+-------+------------------------------------------------------------+
; n              ; 8     ; Signed Integer                                             ;
+----------------+-------+------------------------------------------------------------+
Note: In order to hide this table in the UI and the text report file, please set the "Show Parameter Settings in Synthesis Report" option in "Analysis and Synthesis Settings -> More Settings" to "Off".


+-------------------------------------------------------------------------------------+
; Parameter Settings for User Entity Instance: sad_bo:sad_operacional|Registrador:pB2 ;
+----------------+-------+------------------------------------------------------------+
; Parameter Name ; Value ; Type                                                       ;
+----------------+-------+------------------------------------------------------------+
; n              ; 8     ; Signed Integer                                             ;
+----------------+-------+------------------------------------------------------------+
Note: In order to hide this table in the UI and the text report file, please set the "Show Parameter Settings in Synthesis Report" option in "Analysis and Synthesis Settings -> More Settings" to "Off".


+-------------------------------------------------------------------------------------+
; Parameter Settings for User Entity Instance: sad_bo:sad_operacional|Registrador:pA3 ;
+----------------+-------+------------------------------------------------------------+
; Parameter Name ; Value ; Type                                                       ;
+----------------+-------+------------------------------------------------------------+
; n              ; 8     ; Signed Integer                                             ;
+----------------+-------+------------------------------------------------------------+
Note: In order to hide this table in the UI and the text report file, please set the "Show Parameter Settings in Synthesis Report" option in "Analysis and Synthesis Settings -> More Settings" to "Off".


+-------------------------------------------------------------------------------------+
; Parameter Settings for User Entity Instance: sad_bo:sad_operacional|Registrador:pB3 ;
+----------------+-------+------------------------------------------------------------+
; Parameter Name ; Value ; Type                                                       ;
+----------------+-------+------------------------------------------------------------+
; n              ; 8     ; Signed Integer                                             ;
+----------------+-------+------------------------------------------------------------+
Note: In order to hide this table in the UI and the text report file, please set the "Show Parameter Settings in Synthesis Report" option in "Analysis and Synthesis Settings -> More Settings" to "Off".


+------------------------------------------------------------------------------------+
; Parameter Settings for User Entity Instance: sad_bo:sad_operacional|subtrator:sub0 ;
+----------------+-------+-----------------------------------------------------------+
; Parameter Name ; Value ; Type                                                      ;
+----------------+-------+-----------------------------------------------------------+
; m              ; 8     ; Signed Integer                                            ;
+----------------+-------+-----------------------------------------------------------+
Note: In order to hide this table in the UI and the text report file, please set the "Show Parameter Settings in Synthesis Report" option in "Analysis and Synthesis Settings -> More Settings" to "Off".


+------------------------------------------------------------------------------------+
; Parameter Settings for User Entity Instance: sad_bo:sad_operacional|subtrator:sub1 ;
+----------------+-------+-----------------------------------------------------------+
; Parameter Name ; Value ; Type                                                      ;
+----------------+-------+-----------------------------------------------------------+
; m              ; 8     ; Signed Integer                                            ;
+----------------+-------+-----------------------------------------------------------+
Note: In order to hide this table in the UI and the text report file, please set the "Show Parameter Settings in Synthesis Report" option in "Analysis and Synthesis Settings -> More Settings" to "Off".


+------------------------------------------------------------------------------------+
; Parameter Settings for User Entity Instance: sad_bo:sad_operacional|subtrator:sub2 ;
+----------------+-------+-----------------------------------------------------------+
; Parameter Name ; Value ; Type                                                      ;
+----------------+-------+-----------------------------------------------------------+
; m              ; 8     ; Signed Integer                                            ;
+----------------+-------+-----------------------------------------------------------+
Note: In order to hide this table in the UI and the text report file, please set the "Show Parameter Settings in Synthesis Report" option in "Analysis and Synthesis Settings -> More Settings" to "Off".


+------------------------------------------------------------------------------------+
; Parameter Settings for User Entity Instance: sad_bo:sad_operacional|subtrator:sub3 ;
+----------------+-------+-----------------------------------------------------------+
; Parameter Name ; Value ; Type                                                      ;
+----------------+-------+-----------------------------------------------------------+
; m              ; 8     ; Signed Integer                                            ;
+----------------+-------+-----------------------------------------------------------+
Note: In order to hide this table in the UI and the text report file, please set the "Show Parameter Settings in Synthesis Report" option in "Analysis and Synthesis Settings -> More Settings" to "Off".


+-----------------------------------------------------------------------------------------+
; Parameter Settings for User Entity Instance: sad_bo:sad_operacional|somador8:soma8Bits1 ;
+----------------+-------+----------------------------------------------------------------+
; Parameter Name ; Value ; Type                                                           ;
+----------------+-------+----------------------------------------------------------------+
; m              ; 8     ; Signed Integer                                                 ;
+----------------+-------+----------------------------------------------------------------+
Note: In order to hide this table in the UI and the text report file, please set the "Show Parameter Settings in Synthesis Report" option in "Analysis and Synthesis Settings -> More Settings" to "Off".


+-----------------------------------------------------------------------------------------+
; Parameter Settings for User Entity Instance: sad_bo:sad_operacional|somador8:soma8Bits2 ;
+----------------+-------+----------------------------------------------------------------+
; Parameter Name ; Value ; Type                                                           ;
+----------------+-------+----------------------------------------------------------------+
; m              ; 8     ; Signed Integer                                                 ;
+----------------+-------+----------------------------------------------------------------+
Note: In order to hide this table in the UI and the text report file, please set the "Show Parameter Settings in Synthesis Report" option in "Analysis and Synthesis Settings -> More Settings" to "Off".


+----------------------------------------------------------------------------------------+
; Parameter Settings for User Entity Instance: sad_bo:sad_operacional|somador9:soma9Bits ;
+----------------+-------+---------------------------------------------------------------+
; Parameter Name ; Value ; Type                                                          ;
+----------------+-------+---------------------------------------------------------------+
; m              ; 9     ; Signed Integer                                                ;
+----------------+-------+---------------------------------------------------------------+
Note: In order to hide this table in the UI and the text report file, please set the "Show Parameter Settings in Synthesis Report" option in "Analysis and Synthesis Settings -> More Settings" to "Off".


+----------------------------------------------------------------------------------------+
; Parameter Settings for User Entity Instance: sad_bo:sad_operacional|somador:soma14Bits ;
+----------------+-------+---------------------------------------------------------------+
; Parameter Name ; Value ; Type                                                          ;
+----------------+-------+---------------------------------------------------------------+
; n              ; 14    ; Signed Integer                                                ;
+----------------+-------+---------------------------------------------------------------+
Note: In order to hide this table in the UI and the text report file, please set the "Show Parameter Settings in Synthesis Report" option in "Analysis and Synthesis Settings -> More Settings" to "Off".


+-----------------------------------------------------------------------------------+
; Parameter Settings for User Entity Instance: sad_bo:sad_operacional|mux:mux14Bits ;
+----------------+-------+----------------------------------------------------------+
; Parameter Name ; Value ; Type                                                     ;
+----------------+-------+----------------------------------------------------------+
; n              ; 14    ; Signed Integer                                           ;
+----------------+-------+----------------------------------------------------------+
Note: In order to hide this table in the UI and the text report file, please set the "Show Parameter Settings in Synthesis Report" option in "Analysis and Synthesis Settings -> More Settings" to "Off".


+--------------------------------------------------------------------------------------+
; Parameter Settings for User Entity Instance: sad_bo:sad_operacional|Registrador:soma ;
+----------------+-------+-------------------------------------------------------------+
; Parameter Name ; Value ; Type                                                        ;
+----------------+-------+-------------------------------------------------------------+
; n              ; 14    ; Signed Integer                                              ;
+----------------+-------+-------------------------------------------------------------+
Note: In order to hide this table in the UI and the text report file, please set the "Show Parameter Settings in Synthesis Report" option in "Analysis and Synthesis Settings -> More Settings" to "Off".


+-----------------------------------------------------------------------------------------+
; Parameter Settings for User Entity Instance: sad_bo:sad_operacional|Registrador:SAD_reg ;
+----------------+-------+----------------------------------------------------------------+
; Parameter Name ; Value ; Type                                                           ;
+----------------+-------+----------------------------------------------------------------+
; n              ; 14    ; Signed Integer                                                 ;
+----------------+-------+----------------------------------------------------------------+
Note: In order to hide this table in the UI and the text report file, please set the "Show Parameter Settings in Synthesis Report" option in "Analysis and Synthesis Settings -> More Settings" to "Off".


+----------------------------------------------------------------------------------+
; Parameter Settings for User Entity Instance: sad_bo:sad_operacional|mux:mux5bits ;
+----------------+-------+---------------------------------------------------------+
; Parameter Name ; Value ; Type                                                    ;
+----------------+-------+---------------------------------------------------------+
; n              ; 5     ; Signed Integer                                          ;
+----------------+-------+---------------------------------------------------------+
Note: In order to hide this table in the UI and the text report file, please set the "Show Parameter Settings in Synthesis Report" option in "Analysis and Synthesis Settings -> More Settings" to "Off".


+--------------------------------------------------------------------------------------+
; Parameter Settings for User Entity Instance: sad_bo:sad_operacional|Registrador:reg5 ;
+----------------+-------+-------------------------------------------------------------+
; Parameter Name ; Value ; Type                                                        ;
+----------------+-------+-------------------------------------------------------------+
; n              ; 5     ; Signed Integer                                              ;
+----------------+-------+-------------------------------------------------------------+
Note: In order to hide this table in the UI and the text report file, please set the "Show Parameter Settings in Synthesis Report" option in "Analysis and Synthesis Settings -> More Settings" to "Off".


+------------------------------------------------------------------------------------+
; Parameter Settings for User Entity Instance: sad_bo:sad_operacional|somador4:soma5 ;
+----------------+-------+-----------------------------------------------------------+
; Parameter Name ; Value ; Type                                                      ;
+----------------+-------+-----------------------------------------------------------+
; p              ; 4     ; Signed Integer                                            ;
+----------------+-------+-----------------------------------------------------------+
Note: In order to hide this table in the UI and the text report file, please set the "Show Parameter Settings in Synthesis Report" option in "Analysis and Synthesis Settings -> More Settings" to "Off".


+-------------------------------------------------------------------+
; Port Connectivity Checks: "sad_bo:sad_operacional|somador4:soma5" ;
+---------+-------+----------+--------------------------------------+
; Port    ; Type  ; Severity ; Details                              ;
+---------+-------+----------+--------------------------------------+
; b[3..1] ; Input ; Info     ; Stuck at GND                         ;
; b[0]    ; Input ; Info     ; Stuck at VCC                         ;
+---------+-------+----------+--------------------------------------+


+-----------------------------------------------------------------+
; Port Connectivity Checks: "sad_bo:sad_operacional|mux:mux5bits" ;
+------+-------+----------+---------------------------------------+
; Port ; Type  ; Severity ; Details                               ;
+------+-------+----------+---------------------------------------+
; b    ; Input ; Info     ; Stuck at GND                          ;
+------+-------+----------+---------------------------------------+


+------------------------------------------------------------------+
; Port Connectivity Checks: "sad_bo:sad_operacional|mux:mux14Bits" ;
+------+-------+----------+----------------------------------------+
; Port ; Type  ; Severity ; Details                                ;
+------+-------+----------+----------------------------------------+
; b    ; Input ; Info     ; Stuck at GND                           ;
+------+-------+----------+----------------------------------------+


+-----------------------------------------------------------------------+
; Port Connectivity Checks: "sad_bo:sad_operacional|somador:soma14Bits" ;
+-----------+-------+----------+----------------------------------------+
; Port      ; Type  ; Severity ; Details                                ;
+-----------+-------+----------+----------------------------------------+
; a[13..10] ; Input ; Info     ; Stuck at GND                           ;
+-----------+-------+----------+----------------------------------------+


+-------------------------------------------------------------------------------------------------------------------------------------+
; Port Connectivity Checks: "sad_controle:sad_control"                                                                                ;
+------+--------+----------+----------------------------------------------------------------------------------------------------------+
; Port ; Type   ; Severity ; Details                                                                                                  ;
+------+--------+----------+----------------------------------------------------------------------------------------------------------+
; soma ; Output ; Warning  ; Declared by entity but not connected by instance. Logic that only feeds a dangling port will be removed. ;
+------+--------+----------+----------------------------------------------------------------------------------------------------------+


+-------------------------------+
; Elapsed Time Per Partition    ;
+----------------+--------------+
; Partition Name ; Elapsed Time ;
+----------------+--------------+
; Top            ; 00:00:00     ;
+----------------+--------------+


+-------------------------------+
; Analysis & Synthesis Messages ;
+-------------------------------+
Info: *******************************************************************
Info: Running Quartus II 64-Bit Analysis & Synthesis
    Info: Version 13.1.0 Build 162 10/23/2013 SJ Web Edition
    Info: Processing started: Sun Jun 04 16:28:13 2023
Info: Command: quartus_map --read_settings_files=on --write_settings_files=off sad_v3 -c sad
Warning (20028): Parallel compilation is not licensed and has been disabled
Info (12021): Found 2 design units, including 1 entities, in source file subtrator.vhd
    Info (12022): Found design unit 1: subtrator-arch
    Info (12023): Found entity 1: subtrator
Info (12021): Found 2 design units, including 1 entities, in source file somador9.vhd
    Info (12022): Found design unit 1: somador9-arch
    Info (12023): Found entity 1: somador9
Info (12021): Found 2 design units, including 1 entities, in source file somador8.vhd
    Info (12022): Found design unit 1: somador8-arch
    Info (12023): Found entity 1: somador8
Info (12021): Found 2 design units, including 1 entities, in source file somador4.vhd
    Info (12022): Found design unit 1: somador4-arch
    Info (12023): Found entity 1: somador4
Info (12021): Found 2 design units, including 1 entities, in source file somador.vhd
    Info (12022): Found design unit 1: somador-arch
    Info (12023): Found entity 1: somador
Info (12021): Found 2 design units, including 1 entities, in source file sad_tb.vhd
    Info (12022): Found design unit 1: sad_tb-behavior
    Info (12023): Found entity 1: sad_tb
Info (12021): Found 2 design units, including 1 entities, in source file sad_controle.vhd
    Info (12022): Found design unit 1: sad_controle-arch
    Info (12023): Found entity 1: sad_controle
Info (12021): Found 2 design units, including 1 entities, in source file sad_bo.vhd
    Info (12022): Found design unit 1: sad_bo-rtl
    Info (12023): Found entity 1: sad_bo
Info (12021): Found 2 design units, including 1 entities, in source file sad.vhd
    Info (12022): Found design unit 1: sad-arch
    Info (12023): Found entity 1: sad
Info (12021): Found 2 design units, including 1 entities, in source file registrador.vhd
    Info (12022): Found design unit 1: registrador-arch
    Info (12023): Found entity 1: Registrador
Warning (12090): Entity "mux" obtained from "mux.vhd" instead of from Quartus II megafunction library
Info (12021): Found 2 design units, including 1 entities, in source file mux.vhd
    Info (12022): Found design unit 1: mux-arch
    Info (12023): Found entity 1: mux
Info (12127): Elaborating entity "sad" for the top level hierarchy
Info (12128): Elaborating entity "sad_controle" for hierarchy "sad_controle:sad_control"
Warning (10541): VHDL Signal Declaration warning at sad_controle.vhd(7): used implicit default value for signal "soma" because signal was never assigned a value or an explicit default value. Use of implicit default value may introduce unintended design optimizations.
Info (12128): Elaborating entity "sad_bo" for hierarchy "sad_bo:sad_operacional"
Info (12128): Elaborating entity "Registrador" for hierarchy "sad_bo:sad_operacional|Registrador:pA0"
Info (12128): Elaborating entity "subtrator" for hierarchy "sad_bo:sad_operacional|subtrator:sub0"
Info (12128): Elaborating entity "somador8" for hierarchy "sad_bo:sad_operacional|somador8:soma8Bits1"
Info (12128): Elaborating entity "somador9" for hierarchy "sad_bo:sad_operacional|somador9:soma9Bits"
Info (12128): Elaborating entity "somador" for hierarchy "sad_bo:sad_operacional|somador:soma14Bits"
Info (12128): Elaborating entity "mux" for hierarchy "sad_bo:sad_operacional|mux:mux14Bits"
Info (12128): Elaborating entity "Registrador" for hierarchy "sad_bo:sad_operacional|Registrador:soma"
Info (12128): Elaborating entity "mux" for hierarchy "sad_bo:sad_operacional|mux:mux5bits"
Info (12128): Elaborating entity "Registrador" for hierarchy "sad_bo:sad_operacional|Registrador:reg5"
Info (12128): Elaborating entity "somador4" for hierarchy "sad_bo:sad_operacional|somador4:soma5"
Warning (12241): 1 hierarchies have connectivity warnings - see the Connectivity Checks report folder
Info (286030): Timing-Driven Synthesis is running
Info (16010): Generating hard_block partition "hard_block:auto_generated_inst"
    Info (16011): Adding 0 node(s), including 0 DDIO, 0 PLL, 0 transceiver and 0 LCELL
Info (21057): Implemented 420 device resources after synthesis - the final resource count might be different
    Info (21058): Implemented 67 input pins
    Info (21059): Implemented 19 output pins
    Info (21061): Implemented 334 logic cells
Info: Quartus II 64-Bit Analysis & Synthesis was successful. 0 errors, 4 warnings
    Info: Peak virtual memory: 4665 megabytes
    Info: Processing ended: Sun Jun 04 16:28:15 2023
    Info: Elapsed time: 00:00:02
    Info: Total CPU time (on all processors): 00:00:01


